#
# There is insufficient memory for the Java Runtime Environment to continue.
# Native memory allocation (mmap) failed to map 402653184 bytes for G1 virtual space
# Possible reasons:
#   The system is out of physical RAM or swap space
#   The process is running with CompressedOops enabled, and the Java Heap may be blocking the growth of the native heap
# Possible solutions:
#   Reduce memory load on the system
#   Increase physical memory or swap space
#   Check if swap backing store is full
#   Decrease Java heap size (-Xmx/-Xms)
#   Decrease number of Java threads
#   Decrease Java thread stack sizes (-Xss)
#   Set larger code cache with -XX:ReservedCodeCacheSize=
#   JVM is running with Zero Based Compressed Oops mode in which the Java heap is
#     placed in the first 32GB address space. The Java Heap base address is the
#     maximum limit for the native heap growth. Please use -XX:HeapBaseMinAddress
#     to set the Java Heap base and to place the Java Heap above 32GB virtual address.
# This output file may be truncated or incomplete.
#
#  Out of Memory Error (os_windows.cpp:3550), pid=20268, tid=34336
#
# JRE version:  (17.0.7+8) (build )
# Java VM: Java HotSpot(TM) 64-Bit Server VM (17.0.7+8-LTS-224, mixed mode, emulated-client, sharing, tiered, compressed oops, compressed class ptrs, g1 gc, windows-amd64)
# No core dump will be written. Minidumps are not enabled by default on client versions of Windows
#

---------------  S U M M A R Y ------------

Command Line: -XX:TieredStopAtLevel=1 -Xverify:none -Dspring.output.ansi.enabled=always -javaagent:D:\ideaIU-2021.1.3.win\lib\idea_rt.jar=5762:D:\ideaIU-2021.1.3.win\bin -Dcom.sun.management.jmxremote -Dspring.jmx.enabled=true -Dspring.liveBeansView.mbeanDomain -Dspring.application.admin.enabled=true -Dfile.encoding=UTF-8 com.ustc.train.gateway.config.GatewayApplication

Host: Intel(R) Core(TM) i5-7300HQ CPU @ 2.50GHz, 4 cores, 23G,  Windows 10 , 64 bit Build 19041 (10.0.19041.1466)
Time: Mon Jul  3 09:22:05 2023  Windows 10 , 64 bit Build 19041 (10.0.19041.1466) elapsed time: 0.087690 seconds (0d 0h 0m 0s)

---------------  T H R E A D  ---------------

Current thread (0x0000023ba90c6de0):  JavaThread "Unknown thread" [_thread_in_vm, id=34336, stack(0x000000580d300000,0x000000580d400000)]

Stack: [0x000000580d300000,0x000000580d400000]
Native frames: (J=compiled Java code, j=interpreted, Vv=VM code, C=native code)
V  [jvm.dll+0x676a4a]
V  [jvm.dll+0x7d74f4]
V  [jvm.dll+0x7d8c9e]
V  [jvm.dll+0x7d9303]
V  [jvm.dll+0x2452c5]
V  [jvm.dll+0x6738f9]
V  [jvm.dll+0x668232]
V  [jvm.dll+0x302826]
V  [jvm.dll+0x309da6]
V  [jvm.dll+0x35952e]
V  [jvm.dll+0x35975f]
V  [jvm.dll+0x2d9a38]
V  [jvm.dll+0x2da9a4]
V  [jvm.dll+0x7a8fb1]
V  [jvm.dll+0x3670e1]
V  [jvm.dll+0x788359]
V  [jvm.dll+0x3ea5ef]
V  [jvm.dll+0x3ec071]
C  [jli.dll+0x5297]
C  [ucrtbase.dll+0x21bb2]
C  [KERNEL32.DLL+0x17034]
C  [ntdll.dll+0x52651]


---------------  P R O C E S S  ---------------

Threads class SMR info:
_java_thread_list=0x00007fffb9844998, length=0, elements={
}

Java Threads: ( => current thread )

Other Threads:
  0x0000023ba914e010 GCTaskThread "GC Thread#0" [stack: 0x000000580d500000,0x000000580d600000] [id=32648]
  0x0000023ba915ad00 ConcurrentGCThread "G1 Main Marker" [stack: 0x000000580d600000,0x000000580d700000] [id=22564]
  0x0000023ba915b5b0 ConcurrentGCThread "G1 Conc#0" [stack: 0x000000580d700000,0x000000580d800000] [id=13008]

[error occurred during error reporting (printing all threads), id 0xc0000005, EXCEPTION_ACCESS_VIOLATION (0xc0000005) at pc=0x00007fffb907a697]

VM state: not at safepoint (not fully initialized)

VM Mutex/Monitor currently owned by a thread:  ([mutex/lock_event])
[0x0000023ba90c2630] Heap_lock - owner thread: 0x0000023ba90c6de0

Heap address: 0x0000000681c00000, size: 6116 MB, Compressed Oops mode: Zero based, Oop shift amount: 3

CDS archive(s) mapped at: [0x0000000000000000-0x0000000000000000-0x0000000000000000), size 0, SharedBaseAddress: 0x0000000800000000, ArchiveRelocationMode: 0.
Narrow klass base: 0x0000000000000000, Narrow klass shift: 0, Narrow klass range: 0x0

GC Precious Log:
<Empty>

Heap:
 garbage-first heap   total 0K, used 0K [0x0000000681c00000, 0x0000000800000000)
  region size 4096K, 0 young (0K), 0 survivors (0K)

[error occurred during error reporting (printing heap information), id 0xc0000005, EXCEPTION_ACCESS_VIOLATION (0xc0000005) at pc=0x00007fffb94600b9]

GC Heap History (0 events):
No events

Deoptimization events (0 events):
No events

Classes unloaded (0 events):
No events

Classes redefined (0 events):
No events

Internal exceptions (0 events):
No events

VM Operations (0 events):
No events

Events (1 events):
Event: 0.058 Loaded shared library F:\Java\jdk-17\bin\java.dll


Dynamic libraries:
0x00007ff7f7cb0000 - 0x00007ff7f7cc0000 	F:\Java\jdk-17\bin\java.exe
0x00007ff8196d0000 - 0x00007ff8198c5000 	C:\WINDOWS\SYSTEM32\ntdll.dll
0x00007ff819140000 - 0x00007ff8191fe000 	C:\WINDOWS\System32\KERNEL32.DLL
0x00007ff817300000 - 0x00007ff8175c8000 	C:\WINDOWS\System32\KERNELBASE.dll
0x00007ff817130000 - 0x00007ff817230000 	C:\WINDOWS\System32\ucrtbase.dll
0x00007ff8112b0000 - 0x00007ff8112c9000 	F:\Java\jdk-17\bin\jli.dll
0x00007ff817830000 - 0x00007ff8178de000 	C:\WINDOWS\System32\ADVAPI32.dll
0x00007ff8186d0000 - 0x00007ff81876e000 	C:\WINDOWS\System32\msvcrt.dll
0x00007ff817710000 - 0x00007ff8177ac000 	C:\WINDOWS\System32\sechost.dll
0x00007ff818fa0000 - 0x00007ff8190c5000 	C:\WINDOWS\System32\RPCRT4.dll
0x00007ff817950000 - 0x00007ff817af1000 	C:\WINDOWS\System32\USER32.dll
0x00007ff8172d0000 - 0x00007ff8172f2000 	C:\WINDOWS\System32\win32u.dll
0x00007ff819200000 - 0x00007ff81922b000 	C:\WINDOWS\System32\GDI32.dll
0x00007ff810900000 - 0x00007ff81091b000 	F:\Java\jdk-17\bin\VCRUNTIME140.dll
0x00007ff817600000 - 0x00007ff81770d000 	C:\WINDOWS\System32\gdi32full.dll
0x00007ff817230000 - 0x00007ff8172cd000 	C:\WINDOWS\System32\msvcp_win.dll
0x00007ff802c50000 - 0x00007ff802eea000 	C:\WINDOWS\WinSxS\amd64_microsoft.windows.common-controls_6595b64144ccf1df_6.0.19041.1110_none_60b5254171f9507e\COMCTL32.dll
0x00007ff808a70000 - 0x00007ff808a7a000 	C:\WINDOWS\SYSTEM32\VERSION.dll
0x00007ff818770000 - 0x00007ff8187a0000 	C:\WINDOWS\System32\IMM32.DLL
0x00007ff812860000 - 0x00007ff81286c000 	F:\Java\jdk-17\bin\vcruntime140_1.dll
0x00007ffff14e0000 - 0x00007ffff156e000 	F:\Java\jdk-17\bin\msvcp140.dll
0x00007fffb8d90000 - 0x00007fffb996d000 	F:\Java\jdk-17\bin\server\jvm.dll
0x00007ff817b00000 - 0x00007ff817b08000 	C:\WINDOWS\System32\PSAPI.DLL
0x00007ff80e350000 - 0x00007ff80e359000 	C:\WINDOWS\SYSTEM32\WSOCK32.dll
0x00007ff8190d0000 - 0x00007ff81913b000 	C:\WINDOWS\System32\WS2_32.dll
0x00007ff8030a0000 - 0x00007ff8030c7000 	C:\WINDOWS\SYSTEM32\WINMM.dll
0x00007ff814cd0000 - 0x00007ff814ce2000 	C:\WINDOWS\SYSTEM32\kernel.appcore.dll
0x00007ff811310000 - 0x00007ff81131a000 	F:\Java\jdk-17\bin\jimage.dll
0x00007ff802090000 - 0x00007ff802274000 	C:\WINDOWS\SYSTEM32\DBGHELP.DLL
0x00007ff802060000 - 0x00007ff80208c000 	C:\WINDOWS\SYSTEM32\dbgcore.DLL
0x00007ff816ff0000 - 0x00007ff817072000 	C:\WINDOWS\System32\bcryptPrimitives.dll
0x00007ff811230000 - 0x00007ff81123e000 	F:\Java\jdk-17\bin\instrument.dll
0x00007ffffd6b0000 - 0x00007ffffd6d5000 	F:\Java\jdk-17\bin\java.dll

dbghelp: loaded successfully - version: 4.0.5 - missing functions: none
symbol engine: initialized successfully - sym options: 0x614 - pdb path: .;F:\Java\jdk-17\bin;C:\WINDOWS\SYSTEM32;C:\WINDOWS\WinSxS\amd64_microsoft.windows.common-controls_6595b64144ccf1df_6.0.19041.1110_none_60b5254171f9507e;F:\Java\jdk-17\bin\server

VM Arguments:
jvm_args: -XX:TieredStopAtLevel=1 -Xverify:none -Dspring.output.ansi.enabled=always -javaagent:D:\ideaIU-2021.1.3.win\lib\idea_rt.jar=5762:D:\ideaIU-2021.1.3.win\bin -Dcom.sun.management.jmxremote -Dspring.jmx.enabled=true -Dspring.liveBeansView.mbeanDomain -Dspring.application.admin.enabled=true -Dfile.encoding=UTF-8 
java_command: com.ustc.train.gateway.config.GatewayApplication
java_class_path (initial): F:\myTrain\gateway\target\classes;D:\apache-maven-3.6.3\mvn_repository\org\springframework\cloud\spring-cloud-starter-gateway\4.0.0\spring-cloud-starter-gateway-4.0.0.jar;D:\apache-maven-3.6.3\mvn_repository\org\springframework\cloud\spring-cloud-starter\4.0.0\spring-cloud-starter-4.0.0.jar;D:\apache-maven-3.6.3\mvn_repository\org\springframework\boot\spring-boot-starter\3.0.0\spring-boot-starter-3.0.0.jar;D:\apache-maven-3.6.3\mvn_repository\org\springframework\boot\spring-boot-starter-logging\3.0.0\spring-boot-starter-logging-3.0.0.jar;D:\apache-maven-3.6.3\mvn_repository\ch\qos\logback\logback-classic\1.4.5\logback-classic-1.4.5.jar;D:\apache-maven-3.6.3\mvn_repository\ch\qos\logback\logback-core\1.4.5\logback-core-1.4.5.jar;D:\apache-maven-3.6.3\mvn_repository\org\slf4j\slf4j-api\2.0.4\slf4j-api-2.0.4.jar;D:\apache-maven-3.6.3\mvn_repository\org\apache\logging\log4j\log4j-to-slf4j\2.19.0\log4j-to-slf4j-2.19.0.jar;D:\apache-maven-3.6.3\mvn_repository\org\apache\logging\log4j\log4j-api\2.19.0\log4j-api-2.19.0.jar;D:\apache-maven-3.6.3\mvn_repository\org\slf4j\jul-to-slf4j\2.0.4\jul-to-slf4j-2.0.4.jar;D:\apache-maven-3.6.3\mvn_repository\jakarta\annotation\jakarta.annotation-api\2.1.1\jakarta.annotation-api-2.1.1.jar;D:\apache-maven-3.6.3\mvn_repository\org\springframework\security\spring-security-rsa\1.0.11.RELEASE\spring-security-rsa-1.0.11.RELEASE.jar;D:\apache-maven-3.6.3\mvn_repository\org\bouncycastle\bcpkix-jdk15on\1.69\bcpkix-jdk15on-1.69.jar;D:\apache-maven-3.6.3\mvn_repository\org\bouncycastle\bcprov-jdk15on\1.69\bcprov-jdk15on-1.69.jar;D:\apache-maven-3.6.3\mvn_repository\org\bouncycastle\bcutil-jdk15on\1.69\bcutil-jdk15on-1.69.jar;D:\apache-maven-3.6.3\mvn_repository\org\springframework\cloud\spring-cloud-gateway-server\4.0.0\spring-cloud-gateway-server-4.0.0.jar;D:\apache-maven-3.6.3\mvn_repository\org\springframework\boot\spring-boot-starter-validation\3.0.0\spring-boot-starter-validation-3.0.0.jar;D:\apache-maven-3.6.3\mv
Launcher Type: SUN_STANDARD

[Global flags]
     intx CICompilerCount                          = 3                                         {product} {ergonomic}
     uint ConcGCThreads                            = 1                                         {product} {ergonomic}
     uint G1ConcRefinementThreads                  = 4                                         {product} {ergonomic}
   size_t G1HeapRegionSize                         = 4194304                                   {product} {ergonomic}
    uintx GCDrainStackTargetSize                   = 64                                        {product} {ergonomic}
   size_t InitialHeapSize                          = 402653184                                 {product} {ergonomic}
     bool ManagementServer                         = true                                      {product} {command line}
   size_t MarkStackSize                            = 4194304                                   {product} {ergonomic}
   size_t MaxHeapSize                              = 6413090816                                {product} {ergonomic}
   size_t MinHeapDeltaBytes                        = 4194304                                   {product} {ergonomic}
   size_t MinHeapSize                              = 8388608                                   {product} {ergonomic}
    uintx NonProfiledCodeHeapSize                  = 0                                      {pd product} {ergonomic}
     bool ProfileInterpreter                       = false                                  {pd product} {command line}
    uintx ProfiledCodeHeapSize                     = 0                                      {pd product} {ergonomic}
   size_t SoftMaxHeapSize                          = 6413090816                             {manageable} {ergonomic}
     intx TieredStopAtLevel                        = 1                                         {product} {command line}
     bool UseCompressedClassPointers               = true                           {product lp64_product} {ergonomic}
     bool UseCompressedOops                        = true                           {product lp64_product} {ergonomic}
     bool UseG1GC                                  = true                                      {product} {ergonomic}
     bool UseLargePagesIndividualAllocation        = false                                  {pd product} {ergonomic}

Logging:
Log output configuration:
 #0: stdout all=warning uptime,level,tags
 #1: stderr all=off uptime,level,tags

Environment Variables:
JAVA_HOME=D:\Java\jdk1.8.0_40
CLASSPATH=.;D:\Java\jdk1.8.0_40\lib\dt.jar;D:\Java\jdk1.8.0_40\lib\tools.jar;D:\apache-jmeter-5.5\lib\ext\ApacheJMeter_core.jar;D:\apache-jmeter-5.5\lib\jorphan.jar;D:\apache-jmeter-5.5\lib\logkit-2.0.jar;
PATH=C:\Program Files\Common Files\Oracle\Java\javapath;C:\Program Files (x86)\Microsoft SDKs\Azure\CLI2\wbin;D:\Microsoft MPI\Bin\;C:\Program Files\NVIDIA GPU Computing Toolkit\CUDA\v11.4\bin;C:\Program Files\NVIDIA GPU Computing Toolkit\CUDA\v11.4\libnvvp;C:\ProgramData\Oracle\Java\javapath;C:\Windows\system32;C:\Windows;C:\Windows\System32\Wbem;C:\Windows\System32\WindowsPowerShell\v1.0\;C:\Program Files (x86)\NVIDIA Corporation\PhysX\Common;C:\WINDOWS\system32;C:\WINDOWS;C:\WINDOWS\System32\Wbem;C:\WINDOWS\System32\WindowsPowerShell\v1.0\;C:\WINDOWS\System32\OpenSSH\;C:\Program Files\Microsoft SQL Server\Client SDK\ODBC\170\Tools\Binn\;C:\Program Files (x86)\Microsoft SQL Server\150\Tools\Binn\;C:\Program Files\Microsoft SQL Server\150\Tools\Binn\;C:\Program Files\Microsoft SQL Server\150\DTS\Binn\;D:\Java\jdk1.8.0_40\bin;D:\miniconda3;D:\miniconda3\Scripts;D:\miniconda3\Library\bin;G:\nodereps\npm-global;C:\Program Files\NVIDIA Corporation\NVIDIA NvDLISR;C:\Program Files\NVIDIA Corporation\NVSMI;D:\mysql\mysql-8.0.25-winx64\bin;D:\mingw-w64\mingw64\bin;D:\cmake-3.21.3-windows-x86_64\bin;D:\opencv\build\x64\vc15\bin;D:\opencv\build\mingw\bin;D:\opencv\build\x64\vc15;%PROTOBUF_HOME%\bin;D:\apache-maven-3.6.3\bin;D:\Git\cmd;F:\protoc-3.19.1-win64\bin;D:\swigwin-4.0.2;;D:\Program Files\CMake\bin;E:\go\bin;D:\Gpg4win\..\GnuPG\bin;D:\Xshell\;D:\Program Files\nodejs\;C:\ProgramData\chocolatey\bin;C:\Users\xldream\AppData\Local\pnpm;C:\Users\xldream\scoop\shims;D:\Programs\Python\Python38\Scripts\;D:\Programs\Python\Python38\;C:\Users\xldream\AppData\Local\Microsoft\WindowsApps;C:\Program Files\Bandizip\;C:\Program Files\Graphviz\bin;C:\Program Files\Azure Data Studio\bin;D:\mingw-w64\mingw64\bin;C:\Users\xldream\.dotnet\tools;D:\CLion 2022.1.3\bin;C:\Users\xldream\go\bin;D:\Fiddler;E:\goland\GoLand 2022.3.1\bin;;E:\Go;C:\Users\xldream\AppData\Roaming\npm
USERNAME=xldream
OS=Windows_NT
PROCESSOR_IDENTIFIER=Intel64 Family 6 Model 158 Stepping 9, GenuineIntel



---------------  S Y S T E M  ---------------

OS:
 Windows 10 , 64 bit Build 19041 (10.0.19041.1466)
OS uptime: 13 days 19:26 hours

CPU: total 4 (initial active 4) (4 cores per cpu, 1 threads per core) family 6 model 158 stepping 9 microcode 0xb4, cx8, cmov, fxsr, mmx, 3dnowpref, sse, sse2, sse3, ssse3, sse4.1, sse4.2, popcnt, lzcnt, tsc, tscinvbit, avx, avx2, aes, erms, clmul, bmi1, bmi2, adx, fma, vzeroupper, clflush, clflushopt

Memory: 4k page, system-wide physical 24460M (4741M free)
TotalPageFile size 59460M (AvailPageFile size 353M)
current process WorkingSet (physical memory assigned to process): 10M, peak: 10M
current process commit charge ("private bytes"): 47M, peak: 431M

vm_info: Java HotSpot(TM) 64-Bit Server VM (17.0.7+8-LTS-224) for windows-amd64 JRE (17.0.7+8-LTS-224), built on Feb 28 2023 23:03:02 by "mach5one" with MS VC++ 17.1 (VS2022)

END.
